[18-Sep-2024 11:23:00 UTC] PHP Parse error:  syntax error, unexpected identifier "Info", expecting "(" in /Users/main/Local Sites/uitnacht/app/public/wp-content/plugins/uitnacht.php on line 26
[18-Sep-2024 11:25:00 UTC] PHP Parse error:  syntax error, unexpected token "-", expecting "(" in /Users/main/Local Sites/uitnacht/app/public/wp-content/plugins/uitnacht.php on line 12
[18-Sep-2024 12:04:14 UTC] PHP Warning:  include(/Users/main/Local Sites/uitnacht/app/public/wp-content/plugins/dashboard-view.php): Failed to open stream: No such file or directory in /Users/main/Local Sites/uitnacht/app/public/wp-content/plugins/uitnacht.php on line 33
[18-Sep-2024 12:04:14 UTC] PHP Warning:  include(): Failed opening '/Users/main/Local Sites/uitnacht/app/public/wp-content/plugins/dashboard-view.php' for inclusion (include_path='.:/usr/share/php:/www/wp-content/pear') in /Users/main/Local Sites/uitnacht/app/public/wp-content/plugins/uitnacht.php on line 33
[18-Sep-2024 12:04:15 UTC] PHP Warning:  include(/Users/main/Local Sites/uitnacht/app/public/wp-content/plugins/settings-view.php): Failed to open stream: No such file or directory in /Users/main/Local Sites/uitnacht/app/public/wp-content/plugins/uitnacht.php on line 37
[18-Sep-2024 12:04:15 UTC] PHP Warning:  include(): Failed opening '/Users/main/Local Sites/uitnacht/app/public/wp-content/plugins/settings-view.php' for inclusion (include_path='.:/usr/share/php:/www/wp-content/pear') in /Users/main/Local Sites/uitnacht/app/public/wp-content/plugins/uitnacht.php on line 37
[18-Sep-2024 12:04:17 UTC] PHP Warning:  include(/Users/main/Local Sites/uitnacht/app/public/wp-content/plugins/dashboard-view.php): Failed to open stream: No such file or directory in /Users/main/Local Sites/uitnacht/app/public/wp-content/plugins/uitnacht.php on line 33
[18-Sep-2024 12:04:17 UTC] PHP Warning:  include(): Failed opening '/Users/main/Local Sites/uitnacht/app/public/wp-content/plugins/dashboard-view.php' for inclusion (include_path='.:/usr/share/php:/www/wp-content/pear') in /Users/main/Local Sites/uitnacht/app/public/wp-content/plugins/uitnacht.php on line 33
[18-Sep-2024 12:04:18 UTC] PHP Warning:  include(/Users/main/Local Sites/uitnacht/app/public/wp-content/plugins/settings-view.php): Failed to open stream: No such file or directory in /Users/main/Local Sites/uitnacht/app/public/wp-content/plugins/uitnacht.php on line 37
[18-Sep-2024 12:04:18 UTC] PHP Warning:  include(): Failed opening '/Users/main/Local Sites/uitnacht/app/public/wp-content/plugins/settings-view.php' for inclusion (include_path='.:/usr/share/php:/www/wp-content/pear') in /Users/main/Local Sites/uitnacht/app/public/wp-content/plugins/uitnacht.php on line 37
[18-Sep-2024 12:04:47 UTC] PHP Warning:  include(/Users/main/Local Sites/uitnacht/app/public/wp-content/plugins/dashboard-view.php): Failed to open stream: No such file or directory in /Users/main/Local Sites/uitnacht/app/public/wp-content/plugins/uitnacht.php on line 33
[18-Sep-2024 12:04:47 UTC] PHP Warning:  include(): Failed opening '/Users/main/Local Sites/uitnacht/app/public/wp-content/plugins/dashboard-view.php' for inclusion (include_path='.:/usr/share/php:/www/wp-content/pear') in /Users/main/Local Sites/uitnacht/app/public/wp-content/plugins/uitnacht.php on line 33
[18-Sep-2024 12:05:06 UTC] PHP Warning:  include(/Users/main/Local Sites/uitnacht/app/public/wp-content/plugins/dashboard-view.php): Failed to open stream: No such file or directory in /Users/main/Local Sites/uitnacht/app/public/wp-content/plugins/uitnacht.php on line 33
[18-Sep-2024 12:05:06 UTC] PHP Warning:  include(): Failed opening '/Users/main/Local Sites/uitnacht/app/public/wp-content/plugins/dashboard-view.php' for inclusion (include_path='.:/usr/share/php:/www/wp-content/pear') in /Users/main/Local Sites/uitnacht/app/public/wp-content/plugins/uitnacht.php on line 33
[18-Sep-2024 12:05:08 UTC] PHP Warning:  include(/Users/main/Local Sites/uitnacht/app/public/wp-content/plugins/dashboard-view.php): Failed to open stream: No such file or directory in /Users/main/Local Sites/uitnacht/app/public/wp-content/plugins/uitnacht.php on line 33
[18-Sep-2024 12:05:08 UTC] PHP Warning:  include(): Failed opening '/Users/main/Local Sites/uitnacht/app/public/wp-content/plugins/dashboard-view.php' for inclusion (include_path='.:/usr/share/php:/www/wp-content/pear') in /Users/main/Local Sites/uitnacht/app/public/wp-content/plugins/uitnacht.php on line 33
[18-Sep-2024 12:05:08 UTC] PHP Warning:  include(/Users/main/Local Sites/uitnacht/app/public/wp-content/plugins/dashboard-view.php): Failed to open stream: No such file or directory in /Users/main/Local Sites/uitnacht/app/public/wp-content/plugins/uitnacht.php on line 33
[18-Sep-2024 12:05:08 UTC] PHP Warning:  include(): Failed opening '/Users/main/Local Sites/uitnacht/app/public/wp-content/plugins/dashboard-view.php' for inclusion (include_path='.:/usr/share/php:/www/wp-content/pear') in /Users/main/Local Sites/uitnacht/app/public/wp-content/plugins/uitnacht.php on line 33
[25-Sep-2024 12:33:00 UTC] PHP Fatal error:  Uncaught TypeError: call_user_func_array(): Argument #1 ($callback) must be a valid callback, function "dashicons-admin-generic" not found or invalid function name in /Users/main/Local Sites/uitnacht/app/public/wp-includes/class-wp-hook.php:324
Stack trace:
#0 /Users/main/Local Sites/uitnacht/app/public/wp-includes/class-wp-hook.php(348): WP_Hook->apply_filters('', Array)
#1 /Users/main/Local Sites/uitnacht/app/public/wp-includes/plugin.php(517): WP_Hook->do_action(Array)
#2 /Users/main/Local Sites/uitnacht/app/public/wp-admin/admin.php(259): do_action('toplevel_page_u...')
#3 {main}
  thrown in /Users/main/Local Sites/uitnacht/app/public/wp-includes/class-wp-hook.php on line 324
[25-Sep-2024 12:33:02 UTC] PHP Fatal error:  Uncaught TypeError: call_user_func_array(): Argument #1 ($callback) must be a valid callback, function "dashicons-admin-generic" not found or invalid function name in /Users/main/Local Sites/uitnacht/app/public/wp-includes/class-wp-hook.php:324
Stack trace:
#0 /Users/main/Local Sites/uitnacht/app/public/wp-includes/class-wp-hook.php(348): WP_Hook->apply_filters('', Array)
#1 /Users/main/Local Sites/uitnacht/app/public/wp-includes/plugin.php(517): WP_Hook->do_action(Array)
#2 /Users/main/Local Sites/uitnacht/app/public/wp-admin/admin.php(259): do_action('toplevel_page_u...')
#3 {main}
  thrown in /Users/main/Local Sites/uitnacht/app/public/wp-includes/class-wp-hook.php on line 324
[25-Sep-2024 12:33:14 UTC] PHP Fatal error:  Uncaught TypeError: call_user_func_array(): Argument #1 ($callback) must be a valid callback, function "dashicons-admin-generic" not found or invalid function name in /Users/main/Local Sites/uitnacht/app/public/wp-includes/class-wp-hook.php:324
Stack trace:
#0 /Users/main/Local Sites/uitnacht/app/public/wp-includes/class-wp-hook.php(348): WP_Hook->apply_filters('', Array)
#1 /Users/main/Local Sites/uitnacht/app/public/wp-includes/plugin.php(517): WP_Hook->do_action(Array)
#2 /Users/main/Local Sites/uitnacht/app/public/wp-admin/admin.php(259): do_action('toplevel_page_u...')
#3 {main}
  thrown in /Users/main/Local Sites/uitnacht/app/public/wp-includes/class-wp-hook.php on line 324
[25-Sep-2024 12:33:19 UTC] PHP Fatal error:  Uncaught TypeError: call_user_func_array(): Argument #1 ($callback) must be a valid callback, function "dashicons-admin-generic" not found or invalid function name in /Users/main/Local Sites/uitnacht/app/public/wp-includes/class-wp-hook.php:324
Stack trace:
#0 /Users/main/Local Sites/uitnacht/app/public/wp-includes/class-wp-hook.php(348): WP_Hook->apply_filters('', Array)
#1 /Users/main/Local Sites/uitnacht/app/public/wp-includes/plugin.php(517): WP_Hook->do_action(Array)
#2 /Users/main/Local Sites/uitnacht/app/public/wp-admin/admin.php(259): do_action('toplevel_page_u...')
#3 {main}
  thrown in /Users/main/Local Sites/uitnacht/app/public/wp-includes/class-wp-hook.php on line 324
[25-Sep-2024 12:33:52 UTC] PHP Parse error:  syntax error, unexpected token "}" in /Users/main/Local Sites/uitnacht/app/public/wp-content/plugins/uitnacht.php on line 35
[25-Sep-2024 12:33:52 UTC] PHP Parse error:  syntax error, unexpected token "}" in /Users/main/Local Sites/uitnacht/app/public/wp-content/plugins/uitnacht.php on line 35
[25-Sep-2024 12:33:53 UTC] PHP Parse error:  syntax error, unexpected token "}" in /Users/main/Local Sites/uitnacht/app/public/wp-content/plugins/uitnacht.php on line 35
[25-Sep-2024 12:33:53 UTC] PHP Parse error:  syntax error, unexpected token "}" in /Users/main/Local Sites/uitnacht/app/public/wp-content/plugins/uitnacht.php on line 35
[25-Sep-2024 12:33:55 UTC] PHP Parse error:  syntax error, unexpected token "}" in /Users/main/Local Sites/uitnacht/app/public/wp-content/plugins/uitnacht.php on line 35
[25-Sep-2024 12:33:55 UTC] PHP Parse error:  syntax error, unexpected token "}" in /Users/main/Local Sites/uitnacht/app/public/wp-content/plugins/uitnacht.php on line 35
[25-Sep-2024 12:33:56 UTC] PHP Parse error:  syntax error, unexpected token "}" in /Users/main/Local Sites/uitnacht/app/public/wp-content/plugins/uitnacht.php on line 35
[25-Sep-2024 12:33:56 UTC] PHP Parse error:  syntax error, unexpected token "}" in /Users/main/Local Sites/uitnacht/app/public/wp-content/plugins/uitnacht.php on line 35
[25-Sep-2024 12:33:56 UTC] PHP Parse error:  syntax error, unexpected token "}" in /Users/main/Local Sites/uitnacht/app/public/wp-content/plugins/uitnacht.php on line 35
[25-Sep-2024 12:33:56 UTC] PHP Parse error:  syntax error, unexpected token "}" in /Users/main/Local Sites/uitnacht/app/public/wp-content/plugins/uitnacht.php on line 35
[25-Sep-2024 12:33:56 UTC] PHP Parse error:  syntax error, unexpected token "}" in /Users/main/Local Sites/uitnacht/app/public/wp-content/plugins/uitnacht.php on line 35
[25-Sep-2024 12:33:57 UTC] PHP Parse error:  syntax error, unexpected token "}" in /Users/main/Local Sites/uitnacht/app/public/wp-content/plugins/uitnacht.php on line 35
[25-Sep-2024 12:33:57 UTC] PHP Parse error:  syntax error, unexpected token "}" in /Users/main/Local Sites/uitnacht/app/public/wp-content/plugins/uitnacht.php on line 35
[25-Sep-2024 12:33:57 UTC] PHP Parse error:  syntax error, unexpected token "}" in /Users/main/Local Sites/uitnacht/app/public/wp-content/plugins/uitnacht.php on line 35
[25-Sep-2024 12:33:57 UTC] PHP Parse error:  syntax error, unexpected token "}" in /Users/main/Local Sites/uitnacht/app/public/wp-content/plugins/uitnacht.php on line 35
[25-Sep-2024 12:33:57 UTC] PHP Parse error:  syntax error, unexpected token "}" in /Users/main/Local Sites/uitnacht/app/public/wp-content/plugins/uitnacht.php on line 35
[25-Sep-2024 12:33:58 UTC] PHP Parse error:  syntax error, unexpected token "}" in /Users/main/Local Sites/uitnacht/app/public/wp-content/plugins/uitnacht.php on line 35
[25-Sep-2024 12:33:58 UTC] PHP Parse error:  syntax error, unexpected token "}" in /Users/main/Local Sites/uitnacht/app/public/wp-content/plugins/uitnacht.php on line 35
[25-Sep-2024 12:33:58 UTC] PHP Parse error:  syntax error, unexpected token "}" in /Users/main/Local Sites/uitnacht/app/public/wp-content/plugins/uitnacht.php on line 35
[25-Sep-2024 12:33:58 UTC] PHP Parse error:  syntax error, unexpected token "}" in /Users/main/Local Sites/uitnacht/app/public/wp-content/plugins/uitnacht.php on line 35
[25-Sep-2024 12:33:58 UTC] PHP Parse error:  syntax error, unexpected token "}" in /Users/main/Local Sites/uitnacht/app/public/wp-content/plugins/uitnacht.php on line 35
[25-Sep-2024 12:33:58 UTC] PHP Parse error:  syntax error, unexpected token "}" in /Users/main/Local Sites/uitnacht/app/public/wp-content/plugins/uitnacht.php on line 35
[25-Sep-2024 12:33:58 UTC] PHP Parse error:  syntax error, unexpected token "}" in /Users/main/Local Sites/uitnacht/app/public/wp-content/plugins/uitnacht.php on line 35
[25-Sep-2024 12:33:58 UTC] PHP Parse error:  syntax error, unexpected token "}" in /Users/main/Local Sites/uitnacht/app/public/wp-content/plugins/uitnacht.php on line 35
[25-Sep-2024 12:33:58 UTC] PHP Parse error:  syntax error, unexpected token "}" in /Users/main/Local Sites/uitnacht/app/public/wp-content/plugins/uitnacht.php on line 35
[25-Sep-2024 12:33:58 UTC] PHP Parse error:  syntax error, unexpected token "}" in /Users/main/Local Sites/uitnacht/app/public/wp-content/plugins/uitnacht.php on line 35
[25-Sep-2024 12:33:58 UTC] PHP Parse error:  syntax error, unexpected token "}" in /Users/main/Local Sites/uitnacht/app/public/wp-content/plugins/uitnacht.php on line 35
[25-Sep-2024 12:33:59 UTC] PHP Parse error:  syntax error, unexpected token "}" in /Users/main/Local Sites/uitnacht/app/public/wp-content/plugins/uitnacht.php on line 35
[25-Sep-2024 12:33:59 UTC] PHP Parse error:  syntax error, unexpected token "}" in /Users/main/Local Sites/uitnacht/app/public/wp-content/plugins/uitnacht.php on line 35
[25-Sep-2024 12:33:59 UTC] PHP Parse error:  syntax error, unexpected token "}" in /Users/main/Local Sites/uitnacht/app/public/wp-content/plugins/uitnacht.php on line 35
[25-Sep-2024 12:33:59 UTC] PHP Parse error:  syntax error, unexpected token "}" in /Users/main/Local Sites/uitnacht/app/public/wp-content/plugins/uitnacht.php on line 35
[25-Sep-2024 12:33:59 UTC] PHP Parse error:  syntax error, unexpected token "}" in /Users/main/Local Sites/uitnacht/app/public/wp-content/plugins/uitnacht.php on line 35
[25-Sep-2024 12:33:59 UTC] PHP Parse error:  syntax error, unexpected token "}" in /Users/main/Local Sites/uitnacht/app/public/wp-content/plugins/uitnacht.php on line 35
[25-Sep-2024 12:33:59 UTC] PHP Parse error:  syntax error, unexpected token "}" in /Users/main/Local Sites/uitnacht/app/public/wp-content/plugins/uitnacht.php on line 35
[25-Sep-2024 12:33:59 UTC] PHP Parse error:  syntax error, unexpected token "}" in /Users/main/Local Sites/uitnacht/app/public/wp-content/plugins/uitnacht.php on line 35
[25-Sep-2024 12:33:59 UTC] PHP Parse error:  syntax error, unexpected token "}" in /Users/main/Local Sites/uitnacht/app/public/wp-content/plugins/uitnacht.php on line 35
[25-Sep-2024 12:34:03 UTC] PHP Parse error:  syntax error, unexpected token "}" in /Users/main/Local Sites/uitnacht/app/public/wp-content/plugins/uitnacht.php on line 35
[25-Sep-2024 12:34:03 UTC] PHP Parse error:  syntax error, unexpected token "}" in /Users/main/Local Sites/uitnacht/app/public/wp-content/plugins/uitnacht.php on line 35
[25-Sep-2024 12:58:59 UTC] PHP Fatal error:  Uncaught TypeError: call_user_func_array(): Argument #1 ($callback) must be a valid callback, function "uitnacht_tabel_view_page" not found or invalid function name in /Users/main/Local Sites/uitnacht/app/public/wp-includes/class-wp-hook.php:324
Stack trace:
#0 /Users/main/Local Sites/uitnacht/app/public/wp-includes/class-wp-hook.php(348): WP_Hook->apply_filters('', Array)
#1 /Users/main/Local Sites/uitnacht/app/public/wp-includes/plugin.php(517): WP_Hook->do_action(Array)
#2 /Users/main/Local Sites/uitnacht/app/public/wp-admin/admin.php(259): do_action('dashboard_page_...')
#3 {main}
  thrown in /Users/main/Local Sites/uitnacht/app/public/wp-includes/class-wp-hook.php on line 324
[25-Sep-2024 12:59:00 UTC] PHP Fatal error:  Uncaught TypeError: call_user_func_array(): Argument #1 ($callback) must be a valid callback, function "uitnacht_tabel_view_page" not found or invalid function name in /Users/main/Local Sites/uitnacht/app/public/wp-includes/class-wp-hook.php:324
Stack trace:
#0 /Users/main/Local Sites/uitnacht/app/public/wp-includes/class-wp-hook.php(348): WP_Hook->apply_filters('', Array)
#1 /Users/main/Local Sites/uitnacht/app/public/wp-includes/plugin.php(517): WP_Hook->do_action(Array)
#2 /Users/main/Local Sites/uitnacht/app/public/wp-admin/admin.php(259): do_action('dashboard_page_...')
#3 {main}
  thrown in /Users/main/Local Sites/uitnacht/app/public/wp-includes/class-wp-hook.php on line 324
[25-Sep-2024 12:59:00 UTC] PHP Fatal error:  Uncaught TypeError: call_user_func_array(): Argument #1 ($callback) must be a valid callback, function "uitnacht_tabel_view_page" not found or invalid function name in /Users/main/Local Sites/uitnacht/app/public/wp-includes/class-wp-hook.php:324
Stack trace:
#0 /Users/main/Local Sites/uitnacht/app/public/wp-includes/class-wp-hook.php(348): WP_Hook->apply_filters('', Array)
#1 /Users/main/Local Sites/uitnacht/app/public/wp-includes/plugin.php(517): WP_Hook->do_action(Array)
#2 /Users/main/Local Sites/uitnacht/app/public/wp-admin/admin.php(259): do_action('dashboard_page_...')
#3 {main}
  thrown in /Users/main/Local Sites/uitnacht/app/public/wp-includes/class-wp-hook.php on line 324
[25-Sep-2024 15:21:00 UTC] PHP Warning:  Cannot modify header information - headers already sent by (output started at /Users/main/Local Sites/uitnacht/app/public/wp-content/plugins/form-shortcode.php:96) in /Users/main/Local Sites/uitnacht/app/public/wp-admin/admin-header.php on line 9
[25-Sep-2024 15:52:13 UTC] PHP Fatal error:  Uncaught TypeError: call_user_func_array(): Argument #1 ($callback) must be a valid callback, function "uitnacht_info_page" not found or invalid function name in /Users/main/Local Sites/uitnacht/app/public/wp-includes/class-wp-hook.php:324
Stack trace:
#0 /Users/main/Local Sites/uitnacht/app/public/wp-includes/class-wp-hook.php(348): WP_Hook->apply_filters('', Array)
#1 /Users/main/Local Sites/uitnacht/app/public/wp-includes/plugin.php(517): WP_Hook->do_action(Array)
#2 /Users/main/Local Sites/uitnacht/app/public/wp-admin/admin.php(259): do_action('toplevel_page_u...')
#3 {main}
  thrown in /Users/main/Local Sites/uitnacht/app/public/wp-includes/class-wp-hook.php on line 324
[25-Sep-2024 15:52:14 UTC] PHP Fatal error:  Uncaught TypeError: call_user_func_array(): Argument #1 ($callback) must be a valid callback, function "uitnacht_informatie_settings_page" not found or invalid function name in /Users/main/Local Sites/uitnacht/app/public/wp-includes/class-wp-hook.php:324
Stack trace:
#0 /Users/main/Local Sites/uitnacht/app/public/wp-includes/class-wp-hook.php(348): WP_Hook->apply_filters('', Array)
#1 /Users/main/Local Sites/uitnacht/app/public/wp-includes/plugin.php(517): WP_Hook->do_action(Array)
#2 /Users/main/Local Sites/uitnacht/app/public/wp-admin/admin.php(259): do_action('uitnacht-dashbo...')
#3 {main}
  thrown in /Users/main/Local Sites/uitnacht/app/public/wp-includes/class-wp-hook.php on line 324
[25-Sep-2024 15:53:15 UTC] PHP Fatal error:  Uncaught TypeError: call_user_func_array(): Argument #1 ($callback) must be a valid callback, function "uitnacht_load_textdomain" not found or invalid function name in /Users/main/Local Sites/uitnacht/app/public/wp-includes/class-wp-hook.php:324
Stack trace:
#0 /Users/main/Local Sites/uitnacht/app/public/wp-includes/class-wp-hook.php(348): WP_Hook->apply_filters(NULL, Array)
#1 /Users/main/Local Sites/uitnacht/app/public/wp-includes/plugin.php(517): WP_Hook->do_action(Array)
#2 /Users/main/Local Sites/uitnacht/app/public/wp-settings.php(700): do_action('init')
#3 /Users/main/Local Sites/uitnacht/app/public/wp-config.php(103): require_once('/Users/main/Loc...')
#4 /Users/main/Local Sites/uitnacht/app/public/wp-load.php(50): require_once('/Users/main/Loc...')
#5 /Users/main/Local Sites/uitnacht/app/public/wp-admin/admin-ajax.php(22): require_once('/Users/main/Loc...')
#6 {main}
  thrown in /Users/main/Local Sites/uitnacht/app/public/wp-includes/class-wp-hook.php on line 324
[25-Sep-2024 15:54:00 UTC] PHP Fatal error:  Uncaught TypeError: call_user_func_array(): Argument #1 ($callback) must be a valid callback, function "uitnacht_load_textdomain" not found or invalid function name in /Users/main/Local Sites/uitnacht/app/public/wp-includes/class-wp-hook.php:324
Stack trace:
#0 /Users/main/Local Sites/uitnacht/app/public/wp-includes/class-wp-hook.php(348): WP_Hook->apply_filters(NULL, Array)
#1 /Users/main/Local Sites/uitnacht/app/public/wp-includes/plugin.php(517): WP_Hook->do_action(Array)
#2 /Users/main/Local Sites/uitnacht/app/public/wp-settings.php(700): do_action('init')
#3 /Users/main/Local Sites/uitnacht/app/public/wp-config.php(103): require_once('/Users/main/Loc...')
#4 /Users/main/Local Sites/uitnacht/app/public/wp-load.php(50): require_once('/Users/main/Loc...')
#5 /Users/main/Local Sites/uitnacht/app/public/wp-admin/admin.php(34): require_once('/Users/main/Loc...')
#6 /Users/main/Local Sites/uitnacht/app/public/wp-admin/index.php(10): require_once('/Users/main/Loc...')
#7 {main}
  thrown in /Users/main/Local Sites/uitnacht/app/public/wp-includes/class-wp-hook.php on line 324
[25-Sep-2024 15:54:00 UTC] PHP Fatal error:  Uncaught TypeError: call_user_func_array(): Argument #1 ($callback) must be a valid callback, function "uitnacht_load_textdomain" not found or invalid function name in /Users/main/Local Sites/uitnacht/app/public/wp-includes/class-wp-hook.php:324
Stack trace:
#0 /Users/main/Local Sites/uitnacht/app/public/wp-includes/class-wp-hook.php(348): WP_Hook->apply_filters(NULL, Array)
#1 /Users/main/Local Sites/uitnacht/app/public/wp-includes/plugin.php(517): WP_Hook->do_action(Array)
#2 /Users/main/Local Sites/uitnacht/app/public/wp-settings.php(700): do_action('init')
#3 /Users/main/Local Sites/uitnacht/app/public/wp-config.php(103): require_once('/Users/main/Loc...')
#4 /Users/main/Local Sites/uitnacht/app/public/wp-load.php(50): require_once('/Users/main/Loc...')
#5 /Users/main/Local Sites/uitnacht/app/public/wp-blog-header.php(13): require_once('/Users/main/Loc...')
#6 /Users/main/Local Sites/uitnacht/app/public/index.php(17): require('/Users/main/Loc...')
#7 {main}
  thrown in /Users/main/Local Sites/uitnacht/app/public/wp-includes/class-wp-hook.php on line 324
[25-Sep-2024 15:54:02 UTC] PHP Fatal error:  Uncaught TypeError: call_user_func_array(): Argument #1 ($callback) must be a valid callback, function "uitnacht_load_textdomain" not found or invalid function name in /Users/main/Local Sites/uitnacht/app/public/wp-includes/class-wp-hook.php:324
Stack trace:
#0 /Users/main/Local Sites/uitnacht/app/public/wp-includes/class-wp-hook.php(348): WP_Hook->apply_filters(NULL, Array)
#1 /Users/main/Local Sites/uitnacht/app/public/wp-includes/plugin.php(517): WP_Hook->do_action(Array)
#2 /Users/main/Local Sites/uitnacht/app/public/wp-settings.php(700): do_action('init')
#3 /Users/main/Local Sites/uitnacht/app/public/wp-config.php(103): require_once('/Users/main/Loc...')
#4 /Users/main/Local Sites/uitnacht/app/public/wp-load.php(50): require_once('/Users/main/Loc...')
#5 /Users/main/Local Sites/uitnacht/app/public/wp-admin/admin.php(34): require_once('/Users/main/Loc...')
#6 {main}
  thrown in /Users/main/Local Sites/uitnacht/app/public/wp-includes/class-wp-hook.php on line 324
[25-Sep-2024 15:54:02 UTC] PHP Fatal error:  Uncaught TypeError: call_user_func_array(): Argument #1 ($callback) must be a valid callback, function "uitnacht_load_textdomain" not found or invalid function name in /Users/main/Local Sites/uitnacht/app/public/wp-includes/class-wp-hook.php:324
Stack trace:
#0 /Users/main/Local Sites/uitnacht/app/public/wp-includes/class-wp-hook.php(348): WP_Hook->apply_filters(NULL, Array)
#1 /Users/main/Local Sites/uitnacht/app/public/wp-includes/plugin.php(517): WP_Hook->do_action(Array)
#2 /Users/main/Local Sites/uitnacht/app/public/wp-settings.php(700): do_action('init')
#3 /Users/main/Local Sites/uitnacht/app/public/wp-config.php(103): require_once('/Users/main/Loc...')
#4 /Users/main/Local Sites/uitnacht/app/public/wp-load.php(50): require_once('/Users/main/Loc...')
#5 /Users/main/Local Sites/uitnacht/app/public/wp-blog-header.php(13): require_once('/Users/main/Loc...')
#6 /Users/main/Local Sites/uitnacht/app/public/index.php(17): require('/Users/main/Loc...')
#7 {main}
  thrown in /Users/main/Local Sites/uitnacht/app/public/wp-includes/class-wp-hook.php on line 324
[25-Sep-2024 15:54:03 UTC] PHP Fatal error:  Uncaught TypeError: call_user_func_array(): Argument #1 ($callback) must be a valid callback, function "uitnacht_load_textdomain" not found or invalid function name in /Users/main/Local Sites/uitnacht/app/public/wp-includes/class-wp-hook.php:324
Stack trace:
#0 /Users/main/Local Sites/uitnacht/app/public/wp-includes/class-wp-hook.php(348): WP_Hook->apply_filters(NULL, Array)
#1 /Users/main/Local Sites/uitnacht/app/public/wp-includes/plugin.php(517): WP_Hook->do_action(Array)
#2 /Users/main/Local Sites/uitnacht/app/public/wp-settings.php(700): do_action('init')
#3 /Users/main/Local Sites/uitnacht/app/public/wp-config.php(103): require_once('/Users/main/Loc...')
#4 /Users/main/Local Sites/uitnacht/app/public/wp-load.php(50): require_once('/Users/main/Loc...')
#5 /Users/main/Local Sites/uitnacht/app/public/wp-admin/admin.php(34): require_once('/Users/main/Loc...')
#6 {main}
  thrown in /Users/main/Local Sites/uitnacht/app/public/wp-includes/class-wp-hook.php on line 324
[25-Sep-2024 15:54:03 UTC] PHP Fatal error:  Uncaught TypeError: call_user_func_array(): Argument #1 ($callback) must be a valid callback, function "uitnacht_load_textdomain" not found or invalid function name in /Users/main/Local Sites/uitnacht/app/public/wp-includes/class-wp-hook.php:324
Stack trace:
#0 /Users/main/Local Sites/uitnacht/app/public/wp-includes/class-wp-hook.php(348): WP_Hook->apply_filters(NULL, Array)
#1 /Users/main/Local Sites/uitnacht/app/public/wp-includes/plugin.php(517): WP_Hook->do_action(Array)
#2 /Users/main/Local Sites/uitnacht/app/public/wp-settings.php(700): do_action('init')
#3 /Users/main/Local Sites/uitnacht/app/public/wp-config.php(103): require_once('/Users/main/Loc...')
#4 /Users/main/Local Sites/uitnacht/app/public/wp-load.php(50): require_once('/Users/main/Loc...')
#5 /Users/main/Local Sites/uitnacht/app/public/wp-blog-header.php(13): require_once('/Users/main/Loc...')
#6 /Users/main/Local Sites/uitnacht/app/public/index.php(17): require('/Users/main/Loc...')
#7 {main}
  thrown in /Users/main/Local Sites/uitnacht/app/public/wp-includes/class-wp-hook.php on line 324
[25-Sep-2024 15:54:03 UTC] PHP Fatal error:  Uncaught TypeError: call_user_func_array(): Argument #1 ($callback) must be a valid callback, function "uitnacht_load_textdomain" not found or invalid function name in /Users/main/Local Sites/uitnacht/app/public/wp-includes/class-wp-hook.php:324
Stack trace:
#0 /Users/main/Local Sites/uitnacht/app/public/wp-includes/class-wp-hook.php(348): WP_Hook->apply_filters(NULL, Array)
#1 /Users/main/Local Sites/uitnacht/app/public/wp-includes/plugin.php(517): WP_Hook->do_action(Array)
#2 /Users/main/Local Sites/uitnacht/app/public/wp-settings.php(700): do_action('init')
#3 /Users/main/Local Sites/uitnacht/app/public/wp-config.php(103): require_once('/Users/main/Loc...')
#4 /Users/main/Local Sites/uitnacht/app/public/wp-load.php(50): require_once('/Users/main/Loc...')
#5 /Users/main/Local Sites/uitnacht/app/public/wp-admin/admin.php(34): require_once('/Users/main/Loc...')
#6 /Users/main/Local Sites/uitnacht/app/public/wp-admin/index.php(10): require_once('/Users/main/Loc...')
#7 {main}
  thrown in /Users/main/Local Sites/uitnacht/app/public/wp-includes/class-wp-hook.php on line 324
[25-Sep-2024 15:54:03 UTC] PHP Fatal error:  Uncaught TypeError: call_user_func_array(): Argument #1 ($callback) must be a valid callback, function "uitnacht_load_textdomain" not found or invalid function name in /Users/main/Local Sites/uitnacht/app/public/wp-includes/class-wp-hook.php:324
Stack trace:
#0 /Users/main/Local Sites/uitnacht/app/public/wp-includes/class-wp-hook.php(348): WP_Hook->apply_filters(NULL, Array)
#1 /Users/main/Local Sites/uitnacht/app/public/wp-includes/plugin.php(517): WP_Hook->do_action(Array)
#2 /Users/main/Local Sites/uitnacht/app/public/wp-settings.php(700): do_action('init')
#3 /Users/main/Local Sites/uitnacht/app/public/wp-config.php(103): require_once('/Users/main/Loc...')
#4 /Users/main/Local Sites/uitnacht/app/public/wp-load.php(50): require_once('/Users/main/Loc...')
#5 /Users/main/Local Sites/uitnacht/app/public/wp-blog-header.php(13): require_once('/Users/main/Loc...')
#6 /Users/main/Local Sites/uitnacht/app/public/index.php(17): require('/Users/main/Loc...')
#7 {main}
  thrown in /Users/main/Local Sites/uitnacht/app/public/wp-includes/class-wp-hook.php on line 324
[25-Sep-2024 15:54:03 UTC] PHP Fatal error:  Uncaught TypeError: call_user_func_array(): Argument #1 ($callback) must be a valid callback, function "uitnacht_load_textdomain" not found or invalid function name in /Users/main/Local Sites/uitnacht/app/public/wp-includes/class-wp-hook.php:324
Stack trace:
#0 /Users/main/Local Sites/uitnacht/app/public/wp-includes/class-wp-hook.php(348): WP_Hook->apply_filters(NULL, Array)
#1 /Users/main/Local Sites/uitnacht/app/public/wp-includes/plugin.php(517): WP_Hook->do_action(Array)
#2 /Users/main/Local Sites/uitnacht/app/public/wp-settings.php(700): do_action('init')
#3 /Users/main/Local Sites/uitnacht/app/public/wp-config.php(103): require_once('/Users/main/Loc...')
#4 /Users/main/Local Sites/uitnacht/app/public/wp-load.php(50): require_once('/Users/main/Loc...')
#5 /Users/main/Local Sites/uitnacht/app/public/wp-admin/admin.php(34): require_once('/Users/main/Loc...')
#6 {main}
  thrown in /Users/main/Local Sites/uitnacht/app/public/wp-includes/class-wp-hook.php on line 324
[25-Sep-2024 15:54:03 UTC] PHP Fatal error:  Uncaught TypeError: call_user_func_array(): Argument #1 ($callback) must be a valid callback, function "uitnacht_load_textdomain" not found or invalid function name in /Users/main/Local Sites/uitnacht/app/public/wp-includes/class-wp-hook.php:324
Stack trace:
#0 /Users/main/Local Sites/uitnacht/app/public/wp-includes/class-wp-hook.php(348): WP_Hook->apply_filters(NULL, Array)
#1 /Users/main/Local Sites/uitnacht/app/public/wp-includes/plugin.php(517): WP_Hook->do_action(Array)
#2 /Users/main/Local Sites/uitnacht/app/public/wp-settings.php(700): do_action('init')
#3 /Users/main/Local Sites/uitnacht/app/public/wp-config.php(103): require_once('/Users/main/Loc...')
#4 /Users/main/Local Sites/uitnacht/app/public/wp-load.php(50): require_once('/Users/main/Loc...')
#5 /Users/main/Local Sites/uitnacht/app/public/wp-blog-header.php(13): require_once('/Users/main/Loc...')
#6 /Users/main/Local Sites/uitnacht/app/public/index.php(17): require('/Users/main/Loc...')
#7 {main}
  thrown in /Users/main/Local Sites/uitnacht/app/public/wp-includes/class-wp-hook.php on line 324
[25-Sep-2024 15:54:03 UTC] PHP Fatal error:  Uncaught TypeError: call_user_func_array(): Argument #1 ($callback) must be a valid callback, function "uitnacht_load_textdomain" not found or invalid function name in /Users/main/Local Sites/uitnacht/app/public/wp-includes/class-wp-hook.php:324
Stack trace:
#0 /Users/main/Local Sites/uitnacht/app/public/wp-includes/class-wp-hook.php(348): WP_Hook->apply_filters(NULL, Array)
#1 /Users/main/Local Sites/uitnacht/app/public/wp-includes/plugin.php(517): WP_Hook->do_action(Array)
#2 /Users/main/Local Sites/uitnacht/app/public/wp-settings.php(700): do_action('init')
#3 /Users/main/Local Sites/uitnacht/app/public/wp-config.php(103): require_once('/Users/main/Loc...')
#4 /Users/main/Local Sites/uitnacht/app/public/wp-load.php(50): require_once('/Users/main/Loc...')
#5 /Users/main/Local Sites/uitnacht/app/public/wp-admin/admin.php(34): require_once('/Users/main/Loc...')
#6 {main}
  thrown in /Users/main/Local Sites/uitnacht/app/public/wp-includes/class-wp-hook.php on line 324
[25-Sep-2024 15:54:03 UTC] PHP Fatal error:  Uncaught TypeError: call_user_func_array(): Argument #1 ($callback) must be a valid callback, function "uitnacht_load_textdomain" not found or invalid function name in /Users/main/Local Sites/uitnacht/app/public/wp-includes/class-wp-hook.php:324
Stack trace:
#0 /Users/main/Local Sites/uitnacht/app/public/wp-includes/class-wp-hook.php(348): WP_Hook->apply_filters(NULL, Array)
#1 /Users/main/Local Sites/uitnacht/app/public/wp-includes/plugin.php(517): WP_Hook->do_action(Array)
#2 /Users/main/Local Sites/uitnacht/app/public/wp-settings.php(700): do_action('init')
#3 /Users/main/Local Sites/uitnacht/app/public/wp-config.php(103): require_once('/Users/main/Loc...')
#4 /Users/main/Local Sites/uitnacht/app/public/wp-load.php(50): require_once('/Users/main/Loc...')
#5 /Users/main/Local Sites/uitnacht/app/public/wp-blog-header.php(13): require_once('/Users/main/Loc...')
#6 /Users/main/Local Sites/uitnacht/app/public/index.php(17): require('/Users/main/Loc...')
#7 {main}
  thrown in /Users/main/Local Sites/uitnacht/app/public/wp-includes/class-wp-hook.php on line 324
[25-Sep-2024 15:54:04 UTC] PHP Fatal error:  Uncaught TypeError: call_user_func_array(): Argument #1 ($callback) must be a valid callback, function "uitnacht_load_textdomain" not found or invalid function name in /Users/main/Local Sites/uitnacht/app/public/wp-includes/class-wp-hook.php:324
Stack trace:
#0 /Users/main/Local Sites/uitnacht/app/public/wp-includes/class-wp-hook.php(348): WP_Hook->apply_filters(NULL, Array)
#1 /Users/main/Local Sites/uitnacht/app/public/wp-includes/plugin.php(517): WP_Hook->do_action(Array)
#2 /Users/main/Local Sites/uitnacht/app/public/wp-settings.php(700): do_action('init')
#3 /Users/main/Local Sites/uitnacht/app/public/wp-config.php(103): require_once('/Users/main/Loc...')
#4 /Users/main/Local Sites/uitnacht/app/public/wp-load.php(50): require_once('/Users/main/Loc...')
#5 /Users/main/Local Sites/uitnacht/app/public/wp-admin/admin.php(34): require_once('/Users/main/Loc...')
#6 {main}
  thrown in /Users/main/Local Sites/uitnacht/app/public/wp-includes/class-wp-hook.php on line 324
[25-Sep-2024 15:54:04 UTC] PHP Fatal error:  Uncaught TypeError: call_user_func_array(): Argument #1 ($callback) must be a valid callback, function "uitnacht_load_textdomain" not found or invalid function name in /Users/main/Local Sites/uitnacht/app/public/wp-includes/class-wp-hook.php:324
Stack trace:
#0 /Users/main/Local Sites/uitnacht/app/public/wp-includes/class-wp-hook.php(348): WP_Hook->apply_filters(NULL, Array)
#1 /Users/main/Local Sites/uitnacht/app/public/wp-includes/plugin.php(517): WP_Hook->do_action(Array)
#2 /Users/main/Local Sites/uitnacht/app/public/wp-settings.php(700): do_action('init')
#3 /Users/main/Local Sites/uitnacht/app/public/wp-config.php(103): require_once('/Users/main/Loc...')
#4 /Users/main/Local Sites/uitnacht/app/public/wp-load.php(50): require_once('/Users/main/Loc...')
#5 /Users/main/Local Sites/uitnacht/app/public/wp-blog-header.php(13): require_once('/Users/main/Loc...')
#6 /Users/main/Local Sites/uitnacht/app/public/index.php(17): require('/Users/main/Loc...')
#7 {main}
  thrown in /Users/main/Local Sites/uitnacht/app/public/wp-includes/class-wp-hook.php on line 324
[25-Sep-2024 15:54:13 UTC] PHP Fatal error:  Uncaught TypeError: call_user_func_array(): Argument #1 ($callback) must be a valid callback, function "uitnacht_load_translation_files" not found or invalid function name in /Users/main/Local Sites/uitnacht/app/public/wp-includes/class-wp-hook.php:324
Stack trace:
#0 /Users/main/Local Sites/uitnacht/app/public/wp-includes/class-wp-hook.php(348): WP_Hook->apply_filters(NULL, Array)
#1 /Users/main/Local Sites/uitnacht/app/public/wp-includes/plugin.php(517): WP_Hook->do_action(Array)
#2 /Users/main/Local Sites/uitnacht/app/public/wp-settings.php(555): do_action('plugins_loaded')
#3 /Users/main/Local Sites/uitnacht/app/public/wp-config.php(103): require_once('/Users/main/Loc...')
#4 /Users/main/Local Sites/uitnacht/app/public/wp-load.php(50): require_once('/Users/main/Loc...')
#5 /Users/main/Local Sites/uitnacht/app/public/wp-admin/admin.php(34): require_once('/Users/main/Loc...')
#6 {main}
  thrown in /Users/main/Local Sites/uitnacht/app/public/wp-includes/class-wp-hook.php on line 324
[25-Sep-2024 15:54:13 UTC] PHP Fatal error:  Uncaught TypeError: call_user_func_array(): Argument #1 ($callback) must be a valid callback, function "uitnacht_load_translation_files" not found or invalid function name in /Users/main/Local Sites/uitnacht/app/public/wp-includes/class-wp-hook.php:324
Stack trace:
#0 /Users/main/Local Sites/uitnacht/app/public/wp-includes/class-wp-hook.php(348): WP_Hook->apply_filters(NULL, Array)
#1 /Users/main/Local Sites/uitnacht/app/public/wp-includes/plugin.php(517): WP_Hook->do_action(Array)
#2 /Users/main/Local Sites/uitnacht/app/public/wp-settings.php(555): do_action('plugins_loaded')
#3 /Users/main/Local Sites/uitnacht/app/public/wp-config.php(103): require_once('/Users/main/Loc...')
#4 /Users/main/Local Sites/uitnacht/app/public/wp-load.php(50): require_once('/Users/main/Loc...')
#5 /Users/main/Local Sites/uitnacht/app/public/wp-blog-header.php(13): require_once('/Users/main/Loc...')
#6 /Users/main/Local Sites/uitnacht/app/public/index.php(17): require('/Users/main/Loc...')
#7 {main}
  thrown in /Users/main/Local Sites/uitnacht/app/public/wp-includes/class-wp-hook.php on line 324
[25-Sep-2024 15:54:14 UTC] PHP Fatal error:  Uncaught TypeError: call_user_func_array(): Argument #1 ($callback) must be a valid callback, function "uitnacht_load_translation_files" not found or invalid function name in /Users/main/Local Sites/uitnacht/app/public/wp-includes/class-wp-hook.php:324
Stack trace:
#0 /Users/main/Local Sites/uitnacht/app/public/wp-includes/class-wp-hook.php(348): WP_Hook->apply_filters(NULL, Array)
#1 /Users/main/Local Sites/uitnacht/app/public/wp-includes/plugin.php(517): WP_Hook->do_action(Array)
#2 /Users/main/Local Sites/uitnacht/app/public/wp-settings.php(555): do_action('plugins_loaded')
#3 /Users/main/Local Sites/uitnacht/app/public/wp-config.php(103): require_once('/Users/main/Loc...')
#4 /Users/main/Local Sites/uitnacht/app/public/wp-load.php(50): require_once('/Users/main/Loc...')
#5 /Users/main/Local Sites/uitnacht/app/public/wp-admin/admin.php(34): require_once('/Users/main/Loc...')
#6 {main}
  thrown in /Users/main/Local Sites/uitnacht/app/public/wp-includes/class-wp-hook.php on line 324
[25-Sep-2024 15:54:14 UTC] PHP Fatal error:  Uncaught TypeError: call_user_func_array(): Argument #1 ($callback) must be a valid callback, function "uitnacht_load_translation_files" not found or invalid function name in /Users/main/Local Sites/uitnacht/app/public/wp-includes/class-wp-hook.php:324
Stack trace:
#0 /Users/main/Local Sites/uitnacht/app/public/wp-includes/class-wp-hook.php(348): WP_Hook->apply_filters(NULL, Array)
#1 /Users/main/Local Sites/uitnacht/app/public/wp-includes/plugin.php(517): WP_Hook->do_action(Array)
#2 /Users/main/Local Sites/uitnacht/app/public/wp-settings.php(555): do_action('plugins_loaded')
#3 /Users/main/Local Sites/uitnacht/app/public/wp-config.php(103): require_once('/Users/main/Loc...')
#4 /Users/main/Local Sites/uitnacht/app/public/wp-load.php(50): require_once('/Users/main/Loc...')
#5 /Users/main/Local Sites/uitnacht/app/public/wp-blog-header.php(13): require_once('/Users/main/Loc...')
#6 /Users/main/Local Sites/uitnacht/app/public/index.php(17): require('/Users/main/Loc...')
#7 {main}
  thrown in /Users/main/Local Sites/uitnacht/app/public/wp-includes/class-wp-hook.php on line 324
[25-Sep-2024 15:54:14 UTC] PHP Fatal error:  Uncaught TypeError: call_user_func_array(): Argument #1 ($callback) must be a valid callback, function "uitnacht_load_translation_files" not found or invalid function name in /Users/main/Local Sites/uitnacht/app/public/wp-includes/class-wp-hook.php:324
Stack trace:
#0 /Users/main/Local Sites/uitnacht/app/public/wp-includes/class-wp-hook.php(348): WP_Hook->apply_filters(NULL, Array)
#1 /Users/main/Local Sites/uitnacht/app/public/wp-includes/plugin.php(517): WP_Hook->do_action(Array)
#2 /Users/main/Local Sites/uitnacht/app/public/wp-settings.php(555): do_action('plugins_loaded')
#3 /Users/main/Local Sites/uitnacht/app/public/wp-config.php(103): require_once('/Users/main/Loc...')
#4 /Users/main/Local Sites/uitnacht/app/public/wp-load.php(50): require_once('/Users/main/Loc...')
#5 /Users/main/Local Sites/uitnacht/app/public/wp-admin/admin.php(34): require_once('/Users/main/Loc...')
#6 {main}
  thrown in /Users/main/Local Sites/uitnacht/app/public/wp-includes/class-wp-hook.php on line 324
[25-Sep-2024 15:54:14 UTC] PHP Fatal error:  Uncaught TypeError: call_user_func_array(): Argument #1 ($callback) must be a valid callback, function "uitnacht_load_translation_files" not found or invalid function name in /Users/main/Local Sites/uitnacht/app/public/wp-includes/class-wp-hook.php:324
Stack trace:
#0 /Users/main/Local Sites/uitnacht/app/public/wp-includes/class-wp-hook.php(348): WP_Hook->apply_filters(NULL, Array)
#1 /Users/main/Local Sites/uitnacht/app/public/wp-includes/plugin.php(517): WP_Hook->do_action(Array)
#2 /Users/main/Local Sites/uitnacht/app/public/wp-settings.php(555): do_action('plugins_loaded')
#3 /Users/main/Local Sites/uitnacht/app/public/wp-config.php(103): require_once('/Users/main/Loc...')
#4 /Users/main/Local Sites/uitnacht/app/public/wp-load.php(50): require_once('/Users/main/Loc...')
#5 /Users/main/Local Sites/uitnacht/app/public/wp-blog-header.php(13): require_once('/Users/main/Loc...')
#6 /Users/main/Local Sites/uitnacht/app/public/index.php(17): require('/Users/main/Loc...')
#7 {main}
  thrown in /Users/main/Local Sites/uitnacht/app/public/wp-includes/class-wp-hook.php on line 324
[25-Sep-2024 15:54:17 UTC] PHP Fatal error:  Uncaught TypeError: call_user_func_array(): Argument #1 ($callback) must be a valid callback, function "uitnacht_load_textdomain" not found or invalid function name in /Users/main/Local Sites/uitnacht/app/public/wp-includes/class-wp-hook.php:324
Stack trace:
#0 /Users/main/Local Sites/uitnacht/app/public/wp-includes/class-wp-hook.php(348): WP_Hook->apply_filters(NULL, Array)
#1 /Users/main/Local Sites/uitnacht/app/public/wp-includes/plugin.php(517): WP_Hook->do_action(Array)
#2 /Users/main/Local Sites/uitnacht/app/public/wp-settings.php(700): do_action('init')
#3 /Users/main/Local Sites/uitnacht/app/public/wp-config.php(103): require_once('/Users/main/Loc...')
#4 /Users/main/Local Sites/uitnacht/app/public/wp-load.php(50): require_once('/Users/main/Loc...')
#5 /Users/main/Local Sites/uitnacht/app/public/wp-admin/admin.php(34): require_once('/Users/main/Loc...')
#6 {main}
  thrown in /Users/main/Local Sites/uitnacht/app/public/wp-includes/class-wp-hook.php on line 324
[25-Sep-2024 15:54:17 UTC] PHP Fatal error:  Uncaught TypeError: call_user_func_array(): Argument #1 ($callback) must be a valid callback, function "uitnacht_load_textdomain" not found or invalid function name in /Users/main/Local Sites/uitnacht/app/public/wp-includes/class-wp-hook.php:324
Stack trace:
#0 /Users/main/Local Sites/uitnacht/app/public/wp-includes/class-wp-hook.php(348): WP_Hook->apply_filters(NULL, Array)
#1 /Users/main/Local Sites/uitnacht/app/public/wp-includes/plugin.php(517): WP_Hook->do_action(Array)
#2 /Users/main/Local Sites/uitnacht/app/public/wp-settings.php(700): do_action('init')
#3 /Users/main/Local Sites/uitnacht/app/public/wp-config.php(103): require_once('/Users/main/Loc...')
#4 /Users/main/Local Sites/uitnacht/app/public/wp-load.php(50): require_once('/Users/main/Loc...')
#5 /Users/main/Local Sites/uitnacht/app/public/wp-blog-header.php(13): require_once('/Users/main/Loc...')
#6 /Users/main/Local Sites/uitnacht/app/public/index.php(17): require('/Users/main/Loc...')
#7 {main}
  thrown in /Users/main/Local Sites/uitnacht/app/public/wp-includes/class-wp-hook.php on line 324
[25-Sep-2024 15:54:20 UTC] PHP Fatal error:  Uncaught TypeError: call_user_func_array(): Argument #1 ($callback) must be a valid callback, function "uitnacht_load_textdomain" not found or invalid function name in /Users/main/Local Sites/uitnacht/app/public/wp-includes/class-wp-hook.php:324
Stack trace:
#0 /Users/main/Local Sites/uitnacht/app/public/wp-includes/class-wp-hook.php(348): WP_Hook->apply_filters(NULL, Array)
#1 /Users/main/Local Sites/uitnacht/app/public/wp-includes/plugin.php(517): WP_Hook->do_action(Array)
#2 /Users/main/Local Sites/uitnacht/app/public/wp-settings.php(700): do_action('init')
#3 /Users/main/Local Sites/uitnacht/app/public/wp-config.php(103): require_once('/Users/main/Loc...')
#4 /Users/main/Local Sites/uitnacht/app/public/wp-load.php(50): require_once('/Users/main/Loc...')
#5 /Users/main/Local Sites/uitnacht/app/public/wp-admin/admin.php(34): require_once('/Users/main/Loc...')
#6 /Users/main/Local Sites/uitnacht/app/public/wp-admin/index.php(10): require_once('/Users/main/Loc...')
#7 {main}
  thrown in /Users/main/Local Sites/uitnacht/app/public/wp-includes/class-wp-hook.php on line 324
[25-Sep-2024 15:54:20 UTC] PHP Fatal error:  Uncaught TypeError: call_user_func_array(): Argument #1 ($callback) must be a valid callback, function "uitnacht_load_textdomain" not found or invalid function name in /Users/main/Local Sites/uitnacht/app/public/wp-includes/class-wp-hook.php:324
Stack trace:
#0 /Users/main/Local Sites/uitnacht/app/public/wp-includes/class-wp-hook.php(348): WP_Hook->apply_filters(NULL, Array)
#1 /Users/main/Local Sites/uitnacht/app/public/wp-includes/plugin.php(517): WP_Hook->do_action(Array)
#2 /Users/main/Local Sites/uitnacht/app/public/wp-settings.php(700): do_action('init')
#3 /Users/main/Local Sites/uitnacht/app/public/wp-config.php(103): require_once('/Users/main/Loc...')
#4 /Users/main/Local Sites/uitnacht/app/public/wp-load.php(50): require_once('/Users/main/Loc...')
#5 /Users/main/Local Sites/uitnacht/app/public/wp-blog-header.php(13): require_once('/Users/main/Loc...')
#6 /Users/main/Local Sites/uitnacht/app/public/index.php(17): require('/Users/main/Loc...')
#7 {main}
  thrown in /Users/main/Local Sites/uitnacht/app/public/wp-includes/class-wp-hook.php on line 324
[25-Sep-2024 15:54:20 UTC] PHP Fatal error:  Uncaught TypeError: call_user_func_array(): Argument #1 ($callback) must be a valid callback, function "uitnacht_load_textdomain" not found or invalid function name in /Users/main/Local Sites/uitnacht/app/public/wp-includes/class-wp-hook.php:324
Stack trace:
#0 /Users/main/Local Sites/uitnacht/app/public/wp-includes/class-wp-hook.php(348): WP_Hook->apply_filters(NULL, Array)
#1 /Users/main/Local Sites/uitnacht/app/public/wp-includes/plugin.php(517): WP_Hook->do_action(Array)
#2 /Users/main/Local Sites/uitnacht/app/public/wp-settings.php(700): do_action('init')
#3 /Users/main/Local Sites/uitnacht/app/public/wp-config.php(103): require_once('/Users/main/Loc...')
#4 /Users/main/Local Sites/uitnacht/app/public/wp-load.php(50): require_once('/Users/main/Loc...')
#5 /Users/main/Local Sites/uitnacht/app/public/wp-admin/admin.php(34): require_once('/Users/main/Loc...')
#6 {main}
  thrown in /Users/main/Local Sites/uitnacht/app/public/wp-includes/class-wp-hook.php on line 324
[25-Sep-2024 15:54:20 UTC] PHP Fatal error:  Uncaught TypeError: call_user_func_array(): Argument #1 ($callback) must be a valid callback, function "uitnacht_load_textdomain" not found or invalid function name in /Users/main/Local Sites/uitnacht/app/public/wp-includes/class-wp-hook.php:324
Stack trace:
#0 /Users/main/Local Sites/uitnacht/app/public/wp-includes/class-wp-hook.php(348): WP_Hook->apply_filters(NULL, Array)
#1 /Users/main/Local Sites/uitnacht/app/public/wp-includes/plugin.php(517): WP_Hook->do_action(Array)
#2 /Users/main/Local Sites/uitnacht/app/public/wp-settings.php(700): do_action('init')
#3 /Users/main/Local Sites/uitnacht/app/public/wp-config.php(103): require_once('/Users/main/Loc...')
#4 /Users/main/Local Sites/uitnacht/app/public/wp-load.php(50): require_once('/Users/main/Loc...')
#5 /Users/main/Local Sites/uitnacht/app/public/wp-blog-header.php(13): require_once('/Users/main/Loc...')
#6 /Users/main/Local Sites/uitnacht/app/public/index.php(17): require('/Users/main/Loc...')
#7 {main}
  thrown in /Users/main/Local Sites/uitnacht/app/public/wp-includes/class-wp-hook.php on line 324
[25-Sep-2024 15:54:21 UTC] PHP Fatal error:  Uncaught TypeError: call_user_func_array(): Argument #1 ($callback) must be a valid callback, function "uitnacht_load_textdomain" not found or invalid function name in /Users/main/Local Sites/uitnacht/app/public/wp-includes/class-wp-hook.php:324
Stack trace:
#0 /Users/main/Local Sites/uitnacht/app/public/wp-includes/class-wp-hook.php(348): WP_Hook->apply_filters(NULL, Array)
#1 /Users/main/Local Sites/uitnacht/app/public/wp-includes/plugin.php(517): WP_Hook->do_action(Array)
#2 /Users/main/Local Sites/uitnacht/app/public/wp-settings.php(700): do_action('init')
#3 /Users/main/Local Sites/uitnacht/app/public/wp-config.php(103): require_once('/Users/main/Loc...')
#4 /Users/main/Local Sites/uitnacht/app/public/wp-load.php(50): require_once('/Users/main/Loc...')
#5 /Users/main/Local Sites/uitnacht/app/public/wp-admin/admin.php(34): require_once('/Users/main/Loc...')
#6 {main}
  thrown in /Users/main/Local Sites/uitnacht/app/public/wp-includes/class-wp-hook.php on line 324
[25-Sep-2024 15:54:21 UTC] PHP Fatal error:  Uncaught TypeError: call_user_func_array(): Argument #1 ($callback) must be a valid callback, function "uitnacht_load_textdomain" not found or invalid function name in /Users/main/Local Sites/uitnacht/app/public/wp-includes/class-wp-hook.php:324
Stack trace:
#0 /Users/main/Local Sites/uitnacht/app/public/wp-includes/class-wp-hook.php(348): WP_Hook->apply_filters(NULL, Array)
#1 /Users/main/Local Sites/uitnacht/app/public/wp-includes/plugin.php(517): WP_Hook->do_action(Array)
#2 /Users/main/Local Sites/uitnacht/app/public/wp-settings.php(700): do_action('init')
#3 /Users/main/Local Sites/uitnacht/app/public/wp-config.php(103): require_once('/Users/main/Loc...')
#4 /Users/main/Local Sites/uitnacht/app/public/wp-load.php(50): require_once('/Users/main/Loc...')
#5 /Users/main/Local Sites/uitnacht/app/public/wp-blog-header.php(13): require_once('/Users/main/Loc...')
#6 /Users/main/Local Sites/uitnacht/app/public/index.php(17): require('/Users/main/Loc...')
#7 {main}
  thrown in /Users/main/Local Sites/uitnacht/app/public/wp-includes/class-wp-hook.php on line 324
[25-Sep-2024 15:54:21 UTC] PHP Fatal error:  Uncaught TypeError: call_user_func_array(): Argument #1 ($callback) must be a valid callback, function "uitnacht_load_textdomain" not found or invalid function name in /Users/main/Local Sites/uitnacht/app/public/wp-includes/class-wp-hook.php:324
Stack trace:
#0 /Users/main/Local Sites/uitnacht/app/public/wp-includes/class-wp-hook.php(348): WP_Hook->apply_filters(NULL, Array)
#1 /Users/main/Local Sites/uitnacht/app/public/wp-includes/plugin.php(517): WP_Hook->do_action(Array)
#2 /Users/main/Local Sites/uitnacht/app/public/wp-settings.php(700): do_action('init')
#3 /Users/main/Local Sites/uitnacht/app/public/wp-config.php(103): require_once('/Users/main/Loc...')
#4 /Users/main/Local Sites/uitnacht/app/public/wp-load.php(50): require_once('/Users/main/Loc...')
#5 /Users/main/Local Sites/uitnacht/app/public/wp-admin/admin.php(34): require_once('/Users/main/Loc...')
#6 /Users/main/Local Sites/uitnacht/app/public/wp-admin/plugin-install.php(16): require_once('/Users/main/Loc...')
#7 {main}
  thrown in /Users/main/Local Sites/uitnacht/app/public/wp-includes/class-wp-hook.php on line 324
[25-Sep-2024 15:54:21 UTC] PHP Fatal error:  Uncaught TypeError: call_user_func_array(): Argument #1 ($callback) must be a valid callback, function "uitnacht_load_textdomain" not found or invalid function name in /Users/main/Local Sites/uitnacht/app/public/wp-includes/class-wp-hook.php:324
Stack trace:
#0 /Users/main/Local Sites/uitnacht/app/public/wp-includes/class-wp-hook.php(348): WP_Hook->apply_filters(NULL, Array)
#1 /Users/main/Local Sites/uitnacht/app/public/wp-includes/plugin.php(517): WP_Hook->do_action(Array)
#2 /Users/main/Local Sites/uitnacht/app/public/wp-settings.php(700): do_action('init')
#3 /Users/main/Local Sites/uitnacht/app/public/wp-config.php(103): require_once('/Users/main/Loc...')
#4 /Users/main/Local Sites/uitnacht/app/public/wp-load.php(50): require_once('/Users/main/Loc...')
#5 /Users/main/Local Sites/uitnacht/app/public/wp-blog-header.php(13): require_once('/Users/main/Loc...')
#6 /Users/main/Local Sites/uitnacht/app/public/index.php(17): require('/Users/main/Loc...')
#7 {main}
  thrown in /Users/main/Local Sites/uitnacht/app/public/wp-includes/class-wp-hook.php on line 324
[25-Sep-2024 15:54:21 UTC] PHP Fatal error:  Uncaught TypeError: call_user_func_array(): Argument #1 ($callback) must be a valid callback, function "uitnacht_load_textdomain" not found or invalid function name in /Users/main/Local Sites/uitnacht/app/public/wp-includes/class-wp-hook.php:324
Stack trace:
#0 /Users/main/Local Sites/uitnacht/app/public/wp-includes/class-wp-hook.php(348): WP_Hook->apply_filters(NULL, Array)
#1 /Users/main/Local Sites/uitnacht/app/public/wp-includes/plugin.php(517): WP_Hook->do_action(Array)
#2 /Users/main/Local Sites/uitnacht/app/public/wp-settings.php(700): do_action('init')
#3 /Users/main/Local Sites/uitnacht/app/public/wp-config.php(103): require_once('/Users/main/Loc...')
#4 /Users/main/Local Sites/uitnacht/app/public/wp-load.php(50): require_once('/Users/main/Loc...')
#5 /Users/main/Local Sites/uitnacht/app/public/wp-admin/admin.php(34): require_once('/Users/main/Loc...')
#6 /Users/main/Local Sites/uitnacht/app/public/wp-admin/update.php(16): require_once('/Users/main/Loc...')
#7 {main}
  thrown in /Users/main/Local Sites/uitnacht/app/public/wp-includes/class-wp-hook.php on line 324
[25-Sep-2024 15:54:21 UTC] PHP Fatal error:  Uncaught TypeError: call_user_func_array(): Argument #1 ($callback) must be a valid callback, function "uitnacht_load_textdomain" not found or invalid function name in /Users/main/Local Sites/uitnacht/app/public/wp-includes/class-wp-hook.php:324
Stack trace:
#0 /Users/main/Local Sites/uitnacht/app/public/wp-includes/class-wp-hook.php(348): WP_Hook->apply_filters(NULL, Array)
#1 /Users/main/Local Sites/uitnacht/app/public/wp-includes/plugin.php(517): WP_Hook->do_action(Array)
#2 /Users/main/Local Sites/uitnacht/app/public/wp-settings.php(700): do_action('init')
#3 /Users/main/Local Sites/uitnacht/app/public/wp-config.php(103): require_once('/Users/main/Loc...')
#4 /Users/main/Local Sites/uitnacht/app/public/wp-load.php(50): require_once('/Users/main/Loc...')
#5 /Users/main/Local Sites/uitnacht/app/public/wp-blog-header.php(13): require_once('/Users/main/Loc...')
#6 /Users/main/Local Sites/uitnacht/app/public/index.php(17): require('/Users/main/Loc...')
#7 {main}
  thrown in /Users/main/Local Sites/uitnacht/app/public/wp-includes/class-wp-hook.php on line 324
[25-Sep-2024 15:54:22 UTC] PHP Fatal error:  Uncaught TypeError: call_user_func_array(): Argument #1 ($callback) must be a valid callback, function "uitnacht_load_textdomain" not found or invalid function name in /Users/main/Local Sites/uitnacht/app/public/wp-includes/class-wp-hook.php:324
Stack trace:
#0 /Users/main/Local Sites/uitnacht/app/public/wp-includes/class-wp-hook.php(348): WP_Hook->apply_filters(NULL, Array)
#1 /Users/main/Local Sites/uitnacht/app/public/wp-includes/plugin.php(517): WP_Hook->do_action(Array)
#2 /Users/main/Local Sites/uitnacht/app/public/wp-settings.php(700): do_action('init')
#3 /Users/main/Local Sites/uitnacht/app/public/wp-config.php(103): require_once('/Users/main/Loc...')
#4 /Users/main/Local Sites/uitnacht/app/public/wp-load.php(50): require_once('/Users/main/Loc...')
#5 /Users/main/Local Sites/uitnacht/app/public/wp-admin/admin.php(34): require_once('/Users/main/Loc...')
#6 /Users/main/Local Sites/uitnacht/app/public/wp-admin/plugin-install.php(16): require_once('/Users/main/Loc...')
#7 {main}
  thrown in /Users/main/Local Sites/uitnacht/app/public/wp-includes/class-wp-hook.php on line 324
[25-Sep-2024 15:54:22 UTC] PHP Fatal error:  Uncaught TypeError: call_user_func_array(): Argument #1 ($callback) must be a valid callback, function "uitnacht_load_textdomain" not found or invalid function name in /Users/main/Local Sites/uitnacht/app/public/wp-includes/class-wp-hook.php:324
Stack trace:
#0 /Users/main/Local Sites/uitnacht/app/public/wp-includes/class-wp-hook.php(348): WP_Hook->apply_filters(NULL, Array)
#1 /Users/main/Local Sites/uitnacht/app/public/wp-includes/plugin.php(517): WP_Hook->do_action(Array)
#2 /Users/main/Local Sites/uitnacht/app/public/wp-settings.php(700): do_action('init')
#3 /Users/main/Local Sites/uitnacht/app/public/wp-config.php(103): require_once('/Users/main/Loc...')
#4 /Users/main/Local Sites/uitnacht/app/public/wp-load.php(50): require_once('/Users/main/Loc...')
#5 /Users/main/Local Sites/uitnacht/app/public/wp-blog-header.php(13): require_once('/Users/main/Loc...')
#6 /Users/main/Local Sites/uitnacht/app/public/index.php(17): require('/Users/main/Loc...')
#7 {main}
  thrown in /Users/main/Local Sites/uitnacht/app/public/wp-includes/class-wp-hook.php on line 324
[25-Sep-2024 15:54:22 UTC] PHP Fatal error:  Uncaught TypeError: call_user_func_array(): Argument #1 ($callback) must be a valid callback, function "uitnacht_load_textdomain" not found or invalid function name in /Users/main/Local Sites/uitnacht/app/public/wp-includes/class-wp-hook.php:324
Stack trace:
#0 /Users/main/Local Sites/uitnacht/app/public/wp-includes/class-wp-hook.php(348): WP_Hook->apply_filters(NULL, Array)
#1 /Users/main/Local Sites/uitnacht/app/public/wp-includes/plugin.php(517): WP_Hook->do_action(Array)
#2 /Users/main/Local Sites/uitnacht/app/public/wp-settings.php(700): do_action('init')
#3 /Users/main/Local Sites/uitnacht/app/public/wp-config.php(103): require_once('/Users/main/Loc...')
#4 /Users/main/Local Sites/uitnacht/app/public/wp-load.php(50): require_once('/Users/main/Loc...')
#5 /Users/main/Local Sites/uitnacht/app/public/wp-admin/admin.php(34): require_once('/Users/main/Loc...')
#6 /Users/main/Local Sites/uitnacht/app/public/wp-admin/plugins.php(10): require_once('/Users/main/Loc...')
#7 {main}
  thrown in /Users/main/Local Sites/uitnacht/app/public/wp-includes/class-wp-hook.php on line 324
[25-Sep-2024 15:54:22 UTC] PHP Fatal error:  Uncaught TypeError: call_user_func_array(): Argument #1 ($callback) must be a valid callback, function "uitnacht_load_textdomain" not found or invalid function name in /Users/main/Local Sites/uitnacht/app/public/wp-includes/class-wp-hook.php:324
Stack trace:
#0 /Users/main/Local Sites/uitnacht/app/public/wp-includes/class-wp-hook.php(348): WP_Hook->apply_filters(NULL, Array)
#1 /Users/main/Local Sites/uitnacht/app/public/wp-includes/plugin.php(517): WP_Hook->do_action(Array)
#2 /Users/main/Local Sites/uitnacht/app/public/wp-settings.php(700): do_action('init')
#3 /Users/main/Local Sites/uitnacht/app/public/wp-config.php(103): require_once('/Users/main/Loc...')
#4 /Users/main/Local Sites/uitnacht/app/public/wp-load.php(50): require_once('/Users/main/Loc...')
#5 /Users/main/Local Sites/uitnacht/app/public/wp-blog-header.php(13): require_once('/Users/main/Loc...')
#6 /Users/main/Local Sites/uitnacht/app/public/index.php(17): require('/Users/main/Loc...')
#7 {main}
  thrown in /Users/main/Local Sites/uitnacht/app/public/wp-includes/class-wp-hook.php on line 324
[02-Dec-2024 10:23:32 UTC] PHP Warning:  Undefined variable $time_slots in C:\Users\ahmad\Local Sites\Uitnacht\app\public\wp-content\plugins\Uitnacht-Arnhem-EventManager\table-view.php on line 24
[02-Dec-2024 10:23:32 UTC] PHP Warning:  foreach() argument must be of type array|object, null given in C:\Users\ahmad\Local Sites\Uitnacht\app\public\wp-content\plugins\Uitnacht-Arnhem-EventManager\table-view.php on line 24
[02-Dec-2024 10:23:32 UTC] PHP Warning:  Undefined variable $locations in C:\Users\ahmad\Local Sites\Uitnacht\app\public\wp-content\plugins\Uitnacht-Arnhem-EventManager\table-view.php on line 30
[02-Dec-2024 10:23:32 UTC] PHP Warning:  foreach() argument must be of type array|object, null given in C:\Users\ahmad\Local Sites\Uitnacht\app\public\wp-content\plugins\Uitnacht-Arnhem-EventManager\table-view.php on line 30
[02-Dec-2024 10:23:48 UTC] PHP Warning:  Undefined variable $time_slots in C:\Users\ahmad\Local Sites\Uitnacht\app\public\wp-content\plugins\Uitnacht-Arnhem-EventManager\table-view.php on line 24
[02-Dec-2024 10:23:48 UTC] PHP Warning:  foreach() argument must be of type array|object, null given in C:\Users\ahmad\Local Sites\Uitnacht\app\public\wp-content\plugins\Uitnacht-Arnhem-EventManager\table-view.php on line 24
[02-Dec-2024 10:23:48 UTC] PHP Warning:  Undefined variable $locations in C:\Users\ahmad\Local Sites\Uitnacht\app\public\wp-content\plugins\Uitnacht-Arnhem-EventManager\table-view.php on line 30
[02-Dec-2024 10:23:48 UTC] PHP Warning:  foreach() argument must be of type array|object, null given in C:\Users\ahmad\Local Sites\Uitnacht\app\public\wp-content\plugins\Uitnacht-Arnhem-EventManager\table-view.php on line 30
[02-Dec-2024 10:23:51 UTC] PHP Warning:  Undefined variable $time_slots in C:\Users\ahmad\Local Sites\Uitnacht\app\public\wp-content\plugins\Uitnacht-Arnhem-EventManager\table-view.php on line 24
[02-Dec-2024 10:23:51 UTC] PHP Warning:  foreach() argument must be of type array|object, null given in C:\Users\ahmad\Local Sites\Uitnacht\app\public\wp-content\plugins\Uitnacht-Arnhem-EventManager\table-view.php on line 24
[02-Dec-2024 10:23:51 UTC] PHP Warning:  Undefined variable $locations in C:\Users\ahmad\Local Sites\Uitnacht\app\public\wp-content\plugins\Uitnacht-Arnhem-EventManager\table-view.php on line 30
[02-Dec-2024 10:23:51 UTC] PHP Warning:  foreach() argument must be of type array|object, null given in C:\Users\ahmad\Local Sites\Uitnacht\app\public\wp-content\plugins\Uitnacht-Arnhem-EventManager\table-view.php on line 30
[02-Dec-2024 10:23:56 UTC] PHP Warning:  Undefined variable $time_slots in C:\Users\ahmad\Local Sites\Uitnacht\app\public\wp-content\plugins\Uitnacht-Arnhem-EventManager\table-view.php on line 24
[02-Dec-2024 10:23:56 UTC] PHP Warning:  foreach() argument must be of type array|object, null given in C:\Users\ahmad\Local Sites\Uitnacht\app\public\wp-content\plugins\Uitnacht-Arnhem-EventManager\table-view.php on line 24
[02-Dec-2024 10:23:56 UTC] PHP Warning:  Undefined variable $locations in C:\Users\ahmad\Local Sites\Uitnacht\app\public\wp-content\plugins\Uitnacht-Arnhem-EventManager\table-view.php on line 30
[02-Dec-2024 10:23:56 UTC] PHP Warning:  foreach() argument must be of type array|object, null given in C:\Users\ahmad\Local Sites\Uitnacht\app\public\wp-content\plugins\Uitnacht-Arnhem-EventManager\table-view.php on line 30
[02-Dec-2024 10:23:56 UTC] PHP Warning:  Undefined variable $time_slots in C:\Users\ahmad\Local Sites\Uitnacht\app\public\wp-content\plugins\Uitnacht-Arnhem-EventManager\table-view.php on line 24
[02-Dec-2024 10:23:56 UTC] PHP Warning:  foreach() argument must be of type array|object, null given in C:\Users\ahmad\Local Sites\Uitnacht\app\public\wp-content\plugins\Uitnacht-Arnhem-EventManager\table-view.php on line 24
[02-Dec-2024 10:23:56 UTC] PHP Warning:  Undefined variable $locations in C:\Users\ahmad\Local Sites\Uitnacht\app\public\wp-content\plugins\Uitnacht-Arnhem-EventManager\table-view.php on line 30
[02-Dec-2024 10:23:56 UTC] PHP Warning:  foreach() argument must be of type array|object, null given in C:\Users\ahmad\Local Sites\Uitnacht\app\public\wp-content\plugins\Uitnacht-Arnhem-EventManager\table-view.php on line 30
