[04-Sep-2024 13:56:32] NOTICE: fpm is running, pid 90207
[04-Sep-2024 13:56:32] NOTICE: ready to handle connections
[04-Sep-2024 14:09:59] NOTICE: Terminating ...
[04-Sep-2024 14:09:59] NOTICE: Terminating ...
[04-Sep-2024 14:09:59] NOTICE: exiting, bye-bye!
[18-Sep-2024 13:19:30] NOTICE: fpm is running, pid 42987
[18-Sep-2024 13:19:30] NOTICE: ready to handle connections
[18-Sep-2024 14:37:34] NOTICE: Terminating ...
[18-Sep-2024 14:37:34] NOTICE: Terminating ...
[18-Sep-2024 14:37:34] NOTICE: exiting, bye-bye!
[18-Sep-2024 14:40:57] NOTICE: fpm is running, pid 56496
[18-Sep-2024 14:40:57] NOTICE: ready to handle connections
[18-Sep-2024 14:52:41] NOTICE: fpm is running, pid 58979
[18-Sep-2024 14:52:41] NOTICE: ready to handle connections
[18-Sep-2024 14:57:38] NOTICE: Terminating ...
[18-Sep-2024 14:57:38] NOTICE: Terminating ...
[18-Sep-2024 14:57:38] NOTICE: exiting, bye-bye!
[18-Sep-2024 15:29:52] NOTICE: fpm is running, pid 67274
[18-Sep-2024 15:29:52] NOTICE: ready to handle connections
[18-Sep-2024 15:30:49] NOTICE: Terminating ...
[18-Sep-2024 15:30:49] NOTICE: Terminating ...
[18-Sep-2024 15:30:49] NOTICE: exiting, bye-bye!
[18-Sep-2024 15:32:58] NOTICE: fpm is running, pid 67794
[18-Sep-2024 15:32:58] NOTICE: ready to handle connections
[19-Sep-2024 13:32:24] NOTICE: Terminating ...
[19-Sep-2024 13:32:24] NOTICE: Terminating ...
[19-Sep-2024 13:32:24] NOTICE: exiting, bye-bye!
[25-Sep-2024 12:47:46] NOTICE: fpm is running, pid 31947
[25-Sep-2024 12:47:46] NOTICE: ready to handle connections
[25-Sep-2024 17:15:38] NOTICE: Terminating ...
[25-Sep-2024 17:15:38] NOTICE: Terminating ...
[25-Sep-2024 17:15:38] NOTICE: exiting, bye-bye!
[25-Sep-2024 17:15:43] NOTICE: fpm is running, pid 52194
[25-Sep-2024 17:15:43] NOTICE: ready to handle connections
[25-Sep-2024 17:17:42] NOTICE: Terminating ...
[25-Sep-2024 17:17:42] NOTICE: Terminating ...
[25-Sep-2024 17:17:42] NOTICE: exiting, bye-bye!
[25-Sep-2024 17:18:36] NOTICE: fpm is running, pid 52584
[25-Sep-2024 17:18:36] NOTICE: ready to handle connections
[25-Sep-2024 19:16:38] NOTICE: Terminating ...
[25-Sep-2024 19:16:38] NOTICE: Terminating ...
[25-Sep-2024 19:16:38] NOTICE: exiting, bye-bye!
[30-Sep-2024 09:51:20] NOTICE: fpm is running, pid 64777
[30-Sep-2024 09:51:20] NOTICE: ready to handle connections
[30-Sep-2024 11:00:00] NOTICE: Terminating ...
[30-Sep-2024 11:00:00] NOTICE: Terminating ...
[30-Sep-2024 11:00:00] NOTICE: exiting, bye-bye!
[02-Oct-2024 13:42:17] NOTICE: fpm is running, pid 39672
[02-Oct-2024 13:42:17] NOTICE: ready to handle connections
[02-Oct-2024 14:20:45] NOTICE: Terminating ...
[02-Oct-2024 14:20:45] NOTICE: Terminating ...
[02-Oct-2024 14:20:45] NOTICE: exiting, bye-bye!
[22-Nov-2024 13:21:32] NOTICE: fpm is running, pid 10200
[22-Nov-2024 13:21:32] NOTICE: ready to handle connections
[22-Nov-2024 14:28:09] NOTICE: Terminating ...
[22-Nov-2024 14:28:09] NOTICE: Terminating ...
[22-Nov-2024 14:28:09] NOTICE: exiting, bye-bye!
